<?xml version="1.0" encoding="UTF-8"?>
<!-- Generated by org.testng.reporters.JUnitReportReporter -->
<testsuite skipped="0" hostname="TIPS" name="test.ListCustomerTest" tests="1" failures="0" timestamp="19 Feb 2022 16:56:59 GMT" time="24.043" errors="0">
  <testcase name="verifiedUserMustBeAbleToGoToListCustomerAndPeformOperations" time="24.043" classname="test.ListCustomerTest"/>
</testsuite> <!-- test.ListCustomerTest -->
