<?xml version="1.0" encoding="UTF-8"?>
<!-- Generated by org.testng.reporters.JUnitReportReporter -->
<testsuite skipped="0" hostname="TIPS" name="test.LoginTest" tests="1" failures="0" timestamp="19 Feb 2022 16:56:59 GMT" time="6.315" errors="0">
  <testcase name="validUserShouldBeAbleToLogIn" time="6.315" classname="test.LoginTest"/>
</testsuite> <!-- test.LoginTest -->
