<?xml version="1.0" encoding="UTF-8"?>
<!-- Generated by org.testng.reporters.JUnitReportReporter -->
<testsuite skipped="0" hostname="TIPS" name="test.AddCustomerTest" tests="1" failures="0" timestamp="19 Feb 2022 16:56:59 GMT" time="23.787" errors="0">
  <testcase name="validUserShouldBeAbleToCreateCustomer" time="23.787" classname="test.AddCustomerTest"/>
</testsuite> <!-- test.AddCustomerTest -->
